batch value:  5000
from  5000000: to: 5000999
batch value:  5000
from  5000000: to: 5000999
batch value:  5001
from  5001000: to: 5001999
batch value:  5001
from  5001000: to: 5001999
batch value:  5002
from  5002000: to: 5002999
batch value:  5002
from  5002000: to: 5002999
batch value:  5003
from  5003000: to: 5003999
batch value:  5003
from  5003000: to: 5003999
batch value:  5004
from  5004000: to: 5004999
batch value:  5004
from  5004000: to: 5004999
batch value:  5005
from  5005000: to: 5005999
batch value:  5005
from  5005000: to: 5005999
batch value:  5006
from  5006000: to: 5006999
batch value:  5006
from  5006000: to: 5006999
batch value:  5007
from  5007000: to: 5007999
batch value:  5007
from  5007000: to: 5007999
batch value:  5008
from  5008000: to: 5008999
batch value:  5008
from  5008000: to: 5008999
batch value:  5009
from  5009000: to: 5009999
batch value:  5009
from  5009000: to: 5009999
batch value:  5010
batch value:  5010
from  5010000: to: 5010999
from  5010000: to: 5010999
batch value:  5011
batch value:  5011
from  5011000: to: 5011999
from  5011000: to: 5011999
batch value:  5012
from  5012000: to: 5012999
batch value:  5012
from  5012000: to: 5012999
batch value:  5013
from  5013000: to: 5013999
batch value:  5013
from  5013000: to: 5013999
batch value:  5014
from  5014000: to: 5014999
batch value:  5014
from  5014000: to: 5014999
batch value:  5015
from  5015000: to: 5015999
batch value:  5015
from  5015000: to: 5015999
batch value:  5016
batch value:  5016
from  5016000: to: 5016999
from  5016000: to: 5016999
batch value:  5017
batch value:  5017
from  5017000: to: 5017999
from  5017000: to: 5017999
batch value:  5018
batch value:  5018
from  5018000: to: 5018999
from  5018000: to: 5018999
batch value:  5019
batch value:  5019
from  5019000: to: 5019999
from  5019000: to: 5019999
batch value:  5020
batch value:  5020
from  5020000: to: 5020999
from  5020000: to: 5020999
batch value:  5021
batch value:  5021
from  5021000: to: 5021999
from  5021000: to: 5021999
batch value:  5022
batch value:  5022
from  5022000: to: 5022999
from  5022000: to: 5022999
batch value:  5023
from  5023000: to: 5023999
batch value:  5023
from  5023000: to: 5023999
batch value:  5024
from  5024000: to: 5024999
batch value:  5024
from  5024000: to: 5024999
batch value:  5025
batch value:  5025
from  5025000: to: 5025999
from  5025000: to: 5025999
batch value:  5026
batch value:  5026
from  5026000: to: 5026999
from  5026000: to: 5026999
(node:1474) UnhandledPromiseRejectionWarning: Error: ENOENT: no such file or directory, open './dataStorage/IOSToken.csv'
    at Object.fs.openSync (fs.js:646:18)
    at Object.fs.writeFileSync (fs.js:1299:33)
    at Object.fs.appendFileSync (fs.js:1345:6)
    at /Users/junjiezhou/Documents/thor-community/PullToken20_30/src/core.ts:199:8
    at step (/Users/junjiezhou/Documents/thor-community/PullToken20_30/src/core.ts:32:23)
    at Object.next (/Users/junjiezhou/Documents/thor-community/PullToken20_30/src/core.ts:13:53)
    at /Users/junjiezhou/Documents/thor-community/PullToken20_30/src/core.ts:7:71
    at new Promise (<anonymous>)
    at __awaiter (/Users/junjiezhou/Documents/thor-community/PullToken20_30/src/core.ts:3:12)
    at appendFile (/Users/junjiezhou/Documents/thor-community/PullToken20_30/src/core.ts:233:12)
    at /Users/junjiezhou/Documents/thor-community/PullToken20_30/src/core.ts:207:5
    at step (/Users/junjiezhou/Documents/thor-community/PullToken20_30/src/core.ts:32:23)
    at Object.next (/Users/junjiezhou/Documents/thor-community/PullToken20_30/src/core.ts:13:53)
    at /Users/junjiezhou/Documents/thor-community/PullToken20_30/src/core.ts:7:71
    at new Promise (<anonymous>)
    at __awaiter (/Users/junjiezhou/Documents/thor-community/PullToken20_30/src/core.ts:3:12)
    at Logger (/Users/junjiezhou/Documents/thor-community/PullToken20_30/src/core.ts:247:12)
    at Object.<anonymous> (/Users/junjiezhou/Documents/thor-community/PullToken20_30/src/core.ts:191:5)
    at step (/Users/junjiezhou/Documents/thor-community/PullToken20_30/src/core.ts:32:23)
    at Object.next (/Users/junjiezhou/Documents/thor-community/PullToken20_30/src/core.ts:13:53)
    at /Users/junjiezhou/Documents/thor-community/PullToken20_30/src/core.ts:7:71
    at new Promise (<anonymous>)
(node:1474) UnhandledPromiseRejectionWarning: Unhandled promise rejection. This error originated either by throwing inside of an async function without a catch block, or by rejecting a promise which was not handled with .catch(). (rejection id: 1)
(node:1474) [DEP0018] DeprecationWarning: Unhandled promise rejections are deprecated. In the future, promise rejections that are not handled will terminate the Node.js process with a non-zero exit code.
(node:1474) UnhandledPromiseRejectionWarning: Error: ENOENT: no such file or directory, open './dataStorage/IOSToken.csv'
    at Object.fs.openSync (fs.js:646:18)
    at Object.fs.writeFileSync (fs.js:1299:33)
    at Object.fs.appendFileSync (fs.js:1345:6)
    at /Users/junjiezhou/Documents/thor-community/PullToken20_30/src/core.ts:199:8
    at step (/Users/junjiezhou/Documents/thor-community/PullToken20_30/src/core.ts:32:23)
    at Object.next (/Users/junjiezhou/Documents/thor-community/PullToken20_30/src/core.ts:13:53)
    at /Users/junjiezhou/Documents/thor-community/PullToken20_30/src/core.ts:7:71
    at new Promise (<anonymous>)
    at __awaiter (/Users/junjiezhou/Documents/thor-community/PullToken20_30/src/core.ts:3:12)
    at appendFile (/Users/junjiezhou/Documents/thor-community/PullToken20_30/src/core.ts:233:12)
    at /Users/junjiezhou/Documents/thor-community/PullToken20_30/src/core.ts:207:5
    at step (/Users/junjiezhou/Documents/thor-community/PullToken20_30/src/core.ts:32:23)
    at Object.next (/Users/junjiezhou/Documents/thor-community/PullToken20_30/src/core.ts:13:53)
    at /Users/junjiezhou/Documents/thor-community/PullToken20_30/src/core.ts:7:71
    at new Promise (<anonymous>)
    at __awaiter (/Users/junjiezhou/Documents/thor-community/PullToken20_30/src/core.ts:3:12)
    at Logger (/Users/junjiezhou/Documents/thor-community/PullToken20_30/src/core.ts:247:12)
    at Object.<anonymous> (/Users/junjiezhou/Documents/thor-community/PullToken20_30/src/core.ts:191:5)
    at step (/Users/junjiezhou/Documents/thor-community/PullToken20_30/src/core.ts:32:23)
    at Object.next (/Users/junjiezhou/Documents/thor-community/PullToken20_30/src/core.ts:13:53)
    at /Users/junjiezhou/Documents/thor-community/PullToken20_30/src/core.ts:7:71
    at new Promise (<anonymous>)
(node:1474) UnhandledPromiseRejectionWarning: Unhandled promise rejection. This error originated either by throwing inside of an async function without a catch block, or by rejecting a promise which was not handled with .catch(). (rejection id: 2)
(node:1474) UnhandledPromiseRejectionWarning: Error: ENOENT: no such file or directory, open './dataStorage/IOSToken.csv'
    at Object.fs.openSync (fs.js:646:18)
    at Object.fs.writeFileSync (fs.js:1299:33)
    at Object.fs.appendFileSync (fs.js:1345:6)
    at /Users/junjiezhou/Documents/thor-community/PullToken20_30/src/core.ts:199:8
    at step (/Users/junjiezhou/Documents/thor-community/PullToken20_30/src/core.ts:32:23)
    at Object.next (/Users/junjiezhou/Documents/thor-community/PullToken20_30/src/core.ts:13:53)
    at /Users/junjiezhou/Documents/thor-community/PullToken20_30/src/core.ts:7:71
    at new Promise (<anonymous>)
    at __awaiter (/Users/junjiezhou/Documents/thor-community/PullToken20_30/src/core.ts:3:12)
    at appendFile (/Users/junjiezhou/Documents/thor-community/PullToken20_30/src/core.ts:233:12)
    at /Users/junjiezhou/Documents/thor-community/PullToken20_30/src/core.ts:207:5
    at step (/Users/junjiezhou/Documents/thor-community/PullToken20_30/src/core.ts:32:23)
    at Object.next (/Users/junjiezhou/Documents/thor-community/PullToken20_30/src/core.ts:13:53)
    at /Users/junjiezhou/Documents/thor-community/PullToken20_30/src/core.ts:7:71
    at new Promise (<anonymous>)
    at __awaiter (/Users/junjiezhou/Documents/thor-community/PullToken20_30/src/core.ts:3:12)
    at Logger (/Users/junjiezhou/Documents/thor-community/PullToken20_30/src/core.ts:247:12)
    at Object.<anonymous> (/Users/junjiezhou/Documents/thor-community/PullToken20_30/src/core.ts:191:5)
    at step (/Users/junjiezhou/Documents/thor-community/PullToken20_30/src/core.ts:32:23)
    at Object.next (/Users/junjiezhou/Documents/thor-community/PullToken20_30/src/core.ts:13:53)
    at /Users/junjiezhou/Documents/thor-community/PullToken20_30/src/core.ts:7:71
    at new Promise (<anonymous>)
(node:1474) UnhandledPromiseRejectionWarning: Unhandled promise rejection. This error originated either by throwing inside of an async function without a catch block, or by rejecting a promise which was not handled with .catch(). (rejection id: 3)
(node:1474) UnhandledPromiseRejectionWarning: Error: ENOENT: no such file or directory, open './dataStorage/IOSToken.csv'
    at Object.fs.openSync (fs.js:646:18)
    at Object.fs.writeFileSync (fs.js:1299:33)
    at Object.fs.appendFileSync (fs.js:1345:6)
    at /Users/junjiezhou/Documents/thor-community/PullToken20_30/src/core.ts:199:8
    at step (/Users/junjiezhou/Documents/thor-community/PullToken20_30/src/core.ts:32:23)
    at Object.next (/Users/junjiezhou/Documents/thor-community/PullToken20_30/src/core.ts:13:53)
    at /Users/junjiezhou/Documents/thor-community/PullToken20_30/src/core.ts:7:71
    at new Promise (<anonymous>)
    at __awaiter (/Users/junjiezhou/Documents/thor-community/PullToken20_30/src/core.ts:3:12)
    at appendFile (/Users/junjiezhou/Documents/thor-community/PullToken20_30/src/core.ts:233:12)
    at /Users/junjiezhou/Documents/thor-community/PullToken20_30/src/core.ts:207:5
    at step (/Users/junjiezhou/Documents/thor-community/PullToken20_30/src/core.ts:32:23)
    at Object.next (/Users/junjiezhou/Documents/thor-community/PullToken20_30/src/core.ts:13:53)
    at /Users/junjiezhou/Documents/thor-community/PullToken20_30/src/core.ts:7:71
    at new Promise (<anonymous>)
    at __awaiter (/Users/junjiezhou/Documents/thor-community/PullToken20_30/src/core.ts:3:12)
    at Logger (/Users/junjiezhou/Documents/thor-community/PullToken20_30/src/core.ts:247:12)
    at Object.<anonymous> (/Users/junjiezhou/Documents/thor-community/PullToken20_30/src/core.ts:191:5)
    at step (/Users/junjiezhou/Documents/thor-community/PullToken20_30/src/core.ts:32:23)
    at Object.next (/Users/junjiezhou/Documents/thor-community/PullToken20_30/src/core.ts:13:53)
    at /Users/junjiezhou/Documents/thor-community/PullToken20_30/src/core.ts:7:71
    at new Promise (<anonymous>)
(node:1474) UnhandledPromiseRejectionWarning: Unhandled promise rejection. This error originated either by throwing inside of an async function without a catch block, or by rejecting a promise which was not handled with .catch(). (rejection id: 4)
(node:1474) UnhandledPromiseRejectionWarning: Error: ENOENT: no such file or directory, open './dataStorage/IOSToken.csv'
    at Object.fs.openSync (fs.js:646:18)
    at Object.fs.writeFileSync (fs.js:1299:33)
    at Object.fs.appendFileSync (fs.js:1345:6)
    at /Users/junjiezhou/Documents/thor-community/PullToken20_30/src/core.ts:199:8
    at step (/Users/junjiezhou/Documents/thor-community/PullToken20_30/src/core.ts:32:23)
    at Object.next (/Users/junjiezhou/Documents/thor-community/PullToken20_30/src/core.ts:13:53)
    at /Users/junjiezhou/Documents/thor-community/PullToken20_30/src/core.ts:7:71
    at new Promise (<anonymous>)
    at __awaiter (/Users/junjiezhou/Documents/thor-community/PullToken20_30/src/core.ts:3:12)
    at appendFile (/Users/junjiezhou/Documents/thor-community/PullToken20_30/src/core.ts:233:12)
    at /Users/junjiezhou/Documents/thor-community/PullToken20_30/src/core.ts:207:5
    at step (/Users/junjiezhou/Documents/thor-community/PullToken20_30/src/core.ts:32:23)
    at Object.next (/Users/junjiezhou/Documents/thor-community/PullToken20_30/src/core.ts:13:53)
    at /Users/junjiezhou/Documents/thor-community/PullToken20_30/src/core.ts:7:71
    at new Promise (<anonymous>)
    at __awaiter (/Users/junjiezhou/Documents/thor-community/PullToken20_30/src/core.ts:3:12)
    at Logger (/Users/junjiezhou/Documents/thor-community/PullToken20_30/src/core.ts:247:12)
    at Object.<anonymous> (/Users/junjiezhou/Documents/thor-community/PullToken20_30/src/core.ts:191:5)
    at step (/Users/junjiezhou/Documents/thor-community/PullToken20_30/src/core.ts:32:23)
    at Object.next (/Users/junjiezhou/Documents/thor-community/PullToken20_30/src/core.ts:13:53)
    at /Users/junjiezhou/Documents/thor-community/PullToken20_30/src/core.ts:7:71
    at new Promise (<anonymous>)
(node:1474) UnhandledPromiseRejectionWarning: Unhandled promise rejection. This error originated either by throwing inside of an async function without a catch block, or by rejecting a promise which was not handled with .catch(). (rejection id: 5)
(node:1474) UnhandledPromiseRejectionWarning: Error: ENOENT: no such file or directory, open './dataStorage/IOSToken.csv'
    at Object.fs.openSync (fs.js:646:18)
    at Object.fs.writeFileSync (fs.js:1299:33)
    at Object.fs.appendFileSync (fs.js:1345:6)
    at /Users/junjiezhou/Documents/thor-community/PullToken20_30/src/core.ts:199:8
    at step (/Users/junjiezhou/Documents/thor-community/PullToken20_30/src/core.ts:32:23)
    at Object.next (/Users/junjiezhou/Documents/thor-community/PullToken20_30/src/core.ts:13:53)
    at /Users/junjiezhou/Documents/thor-community/PullToken20_30/src/core.ts:7:71
    at new Promise (<anonymous>)
    at __awaiter (/Users/junjiezhou/Documents/thor-community/PullToken20_30/src/core.ts:3:12)
    at appendFile (/Users/junjiezhou/Documents/thor-community/PullToken20_30/src/core.ts:233:12)
    at /Users/junjiezhou/Documents/thor-community/PullToken20_30/src/core.ts:207:5
    at step (/Users/junjiezhou/Documents/thor-community/PullToken20_30/src/core.ts:32:23)
    at Object.next (/Users/junjiezhou/Documents/thor-community/PullToken20_30/src/core.ts:13:53)
    at /Users/junjiezhou/Documents/thor-community/PullToken20_30/src/core.ts:7:71
    at new Promise (<anonymous>)
    at __awaiter (/Users/junjiezhou/Documents/thor-community/PullToken20_30/src/core.ts:3:12)
    at Logger (/Users/junjiezhou/Documents/thor-community/PullToken20_30/src/core.ts:247:12)
    at Object.<anonymous> (/Users/junjiezhou/Documents/thor-community/PullToken20_30/src/core.ts:191:5)
    at step (/Users/junjiezhou/Documents/thor-community/PullToken20_30/src/core.ts:32:23)
    at Object.next (/Users/junjiezhou/Documents/thor-community/PullToken20_30/src/core.ts:13:53)
    at /Users/junjiezhou/Documents/thor-community/PullToken20_30/src/core.ts:7:71
    at new Promise (<anonymous>)
(node:1474) UnhandledPromiseRejectionWarning: Unhandled promise rejection. This error originated either by throwing inside of an async function without a catch block, or by rejecting a promise which was not handled with .catch(). (rejection id: 6)
(node:1474) UnhandledPromiseRejectionWarning: Error: ENOENT: no such file or directory, open './dataStorage/IOSToken.csv'
    at Object.fs.openSync (fs.js:646:18)
    at Object.fs.writeFileSync (fs.js:1299:33)
    at Object.fs.appendFileSync (fs.js:1345:6)
    at /Users/junjiezhou/Documents/thor-community/PullToken20_30/src/core.ts:199:8
    at step (/Users/junjiezhou/Documents/thor-community/PullToken20_30/src/core.ts:32:23)
    at Object.next (/Users/junjiezhou/Documents/thor-community/PullToken20_30/src/core.ts:13:53)
    at /Users/junjiezhou/Documents/thor-community/PullToken20_30/src/core.ts:7:71
    at new Promise (<anonymous>)
    at __awaiter (/Users/junjiezhou/Documents/thor-community/PullToken20_30/src/core.ts:3:12)
    at appendFile (/Users/junjiezhou/Documents/thor-community/PullToken20_30/src/core.ts:233:12)
    at /Users/junjiezhou/Documents/thor-community/PullToken20_30/src/core.ts:207:5
    at step (/Users/junjiezhou/Documents/thor-community/PullToken20_30/src/core.ts:32:23)
    at Object.next (/Users/junjiezhou/Documents/thor-community/PullToken20_30/src/core.ts:13:53)
    at /Users/junjiezhou/Documents/thor-community/PullToken20_30/src/core.ts:7:71
    at new Promise (<anonymous>)
    at __awaiter (/Users/junjiezhou/Documents/thor-community/PullToken20_30/src/core.ts:3:12)
    at Logger (/Users/junjiezhou/Documents/thor-community/PullToken20_30/src/core.ts:247:12)
    at Object.<anonymous> (/Users/junjiezhou/Documents/thor-community/PullToken20_30/src/core.ts:191:5)
    at step (/Users/junjiezhou/Documents/thor-community/PullToken20_30/src/core.ts:32:23)
    at Object.next (/Users/junjiezhou/Documents/thor-community/PullToken20_30/src/core.ts:13:53)
    at /Users/junjiezhou/Documents/thor-community/PullToken20_30/src/core.ts:7:71
    at new Promise (<anonymous>)
(node:1474) UnhandledPromiseRejectionWarning: Unhandled promise rejection. This error originated either by throwing inside of an async function without a catch block, or by rejecting a promise which was not handled with .catch(). (rejection id: 7)
(node:1474) UnhandledPromiseRejectionWarning: Error: ENOENT: no such file or directory, open './dataStorage/IOSToken.csv'
    at Object.fs.openSync (fs.js:646:18)
    at Object.fs.writeFileSync (fs.js:1299:33)
    at Object.fs.appendFileSync (fs.js:1345:6)
    at /Users/junjiezhou/Documents/thor-community/PullToken20_30/src/core.ts:199:8
    at step (/Users/junjiezhou/Documents/thor-community/PullToken20_30/src/core.ts:32:23)
    at Object.next (/Users/junjiezhou/Documents/thor-community/PullToken20_30/src/core.ts:13:53)
    at /Users/junjiezhou/Documents/thor-community/PullToken20_30/src/core.ts:7:71
    at new Promise (<anonymous>)
    at __awaiter (/Users/junjiezhou/Documents/thor-community/PullToken20_30/src/core.ts:3:12)
    at appendFile (/Users/junjiezhou/Documents/thor-community/PullToken20_30/src/core.ts:233:12)
    at /Users/junjiezhou/Documents/thor-community/PullToken20_30/src/core.ts:207:5
    at step (/Users/junjiezhou/Documents/thor-community/PullToken20_30/src/core.ts:32:23)
    at Object.next (/Users/junjiezhou/Documents/thor-community/PullToken20_30/src/core.ts:13:53)
    at /Users/junjiezhou/Documents/thor-community/PullToken20_30/src/core.ts:7:71
    at new Promise (<anonymous>)
    at __awaiter (/Users/junjiezhou/Documents/thor-community/PullToken20_30/src/core.ts:3:12)
    at Logger (/Users/junjiezhou/Documents/thor-community/PullToken20_30/src/core.ts:247:12)
    at Object.<anonymous> (/Users/junjiezhou/Documents/thor-community/PullToken20_30/src/core.ts:191:5)
    at step (/Users/junjiezhou/Documents/thor-community/PullToken20_30/src/core.ts:32:23)
    at Object.next (/Users/junjiezhou/Documents/thor-community/PullToken20_30/src/core.ts:13:53)
    at /Users/junjiezhou/Documents/thor-community/PullToken20_30/src/core.ts:7:71
    at new Promise (<anonymous>)
(node:1474) UnhandledPromiseRejectionWarning: Unhandled promise rejection. This error originated either by throwing inside of an async function without a catch block, or by rejecting a promise which was not handled with .catch(). (rejection id: 8)
(node:1474) UnhandledPromiseRejectionWarning: Error: ENOENT: no such file or directory, open './dataStorage/IOSToken.csv'
    at Object.fs.openSync (fs.js:646:18)
    at Object.fs.writeFileSync (fs.js:1299:33)
    at Object.fs.appendFileSync (fs.js:1345:6)
    at /Users/junjiezhou/Documents/thor-community/PullToken20_30/src/core.ts:199:8
    at step (/Users/junjiezhou/Documents/thor-community/PullToken20_30/src/core.ts:32:23)
    at Object.next (/Users/junjiezhou/Documents/thor-community/PullToken20_30/src/core.ts:13:53)
    at /Users/junjiezhou/Documents/thor-community/PullToken20_30/src/core.ts:7:71
    at new Promise (<anonymous>)
    at __awaiter (/Users/junjiezhou/Documents/thor-community/PullToken20_30/src/core.ts:3:12)
    at appendFile (/Users/junjiezhou/Documents/thor-community/PullToken20_30/src/core.ts:233:12)
    at /Users/junjiezhou/Documents/thor-community/PullToken20_30/src/core.ts:207:5
    at step (/Users/junjiezhou/Documents/thor-community/PullToken20_30/src/core.ts:32:23)
    at Object.next (/Users/junjiezhou/Documents/thor-community/PullToken20_30/src/core.ts:13:53)
    at /Users/junjiezhou/Documents/thor-community/PullToken20_30/src/core.ts:7:71
    at new Promise (<anonymous>)
    at __awaiter (/Users/junjiezhou/Documents/thor-community/PullToken20_30/src/core.ts:3:12)
    at Logger (/Users/junjiezhou/Documents/thor-community/PullToken20_30/src/core.ts:247:12)
    at Object.<anonymous> (/Users/junjiezhou/Documents/thor-community/PullToken20_30/src/core.ts:191:5)
    at step (/Users/junjiezhou/Documents/thor-community/PullToken20_30/src/core.ts:32:23)
    at Object.next (/Users/junjiezhou/Documents/thor-community/PullToken20_30/src/core.ts:13:53)
    at /Users/junjiezhou/Documents/thor-community/PullToken20_30/src/core.ts:7:71
    at new Promise (<anonymous>)
(node:1474) UnhandledPromiseRejectionWarning: Unhandled promise rejection. This error originated either by throwing inside of an async function without a catch block, or by rejecting a promise which was not handled with .catch(). (rejection id: 9)
Log data: truebatch value:  0
from  0: to: 999
batch value:  1
from  1000: to: 1999
batch value:  2
from  2000: to: 2999
batch value:  3
from  3000: to: 3999
batch value:  4
from  4000: to: 4999
batch value:  5
from  5000: to: 5999
batch value:  6
from  6000: to: 6999
batch value:  7
from  7000: to: 7999
batch value:  8
from  8000: to: 8999
batch value:  9
from  9000: to: 9999
batch value:  10
from  10000: to: 10999
batch value:  11
from  11000: to: 11999
batch value:  12
from  12000: to: 12999
batch value:  13
from  13000: to: 13999
batch value:  14
from  14000: to: 14999
batch value:  15
from  15000: to: 15999
batch value:  16
from  16000: to: 16999
batch value:  17
from  17000: to: 17999
batch value:  18
from  18000: to: 18999
batch value:  19
from  19000: to: 19999
batch value:  20
from  20000: to: 20999
batch value:  21
from  21000: to: 21999
batch value:  22
from  22000: to: 22999
batch value:  23
from  23000: to: 23999
batch value:  24
from  24000: to: 24999
batch value:  25
from  25000: to: 25999
batch value:  26
from  26000: to: 26999
batch value:  27
from  27000: to: 27999
batch value:  28
from  28000: to: 28999
batch value:  29
from  29000: to: 29999
batch value:  30
from  30000: to: 30999
batch value:  31
from  31000: to: 31999
batch value:  32
from  32000: to: 32999
batch value:  33
from  33000: to: 33999
batch value:  34
from  34000: to: 34999
batch value:  35
from  35000: to: 35999
batch value:  36
from  36000: to: 36999
batch value:  37
from  37000: to: 37999
batch value:  38
from  38000: to: 38999
batch value:  39
from  39000: to: 39999
batch value:  40
from  40000: to: 40999
batch value:  41
from  41000: to: 41999
batch value:  42
from  42000: to: 42999
batch value:  43
from  43000: to: 43999
batch value:  44
from  44000: to: 44999
batch value:  45
from  45000: to: 45999
batch value:  46
from  46000: to: 46999
batch value:  47
from  47000: to: 47999
batch value:  48
from  48000: to: 48999
batch value:  49
from  49000: to: 49999
batch value:  50
from  50000: to: 50999
batch value:  51
from  51000: to: 51999
batch value:  52
from  52000: to: 52999
batch value:  53
from  53000: to: 53999
batch value:  54
from  54000: to: 54999
batch value:  55
from  55000: to: 55999
batch value:  56
from  56000: to: 56999
batch value:  57
from  57000: to: 57999
batch value:  58
from  58000: to: 58999
batch value:  59
from  59000: to: 59999
batch value:  60
from  60000: to: 60999
batch value:  61
from  61000: to: 61999
batch value:  62
from  62000: to: 62999
batch value:  63
from  63000: to: 63999
batch value:  64
from  64000: to: 64999
batch value:  65
from  65000: to: 65999
batch value:  66
from  66000: to: 66999
batch value:  67
from  67000: to: 67999
batch value:  68
from  68000: to: 68999
batch value:  69
from  69000: to: 69999
batch value:  70
from  70000: to: 70999
batch value:  71
from  71000: to: 71999
batch value:  72
from  72000: to: 72999
batch value:  73
from  73000: to: 73999
batch value:  74
from  74000: to: 74999
batch value:  75
from  75000: to: 75999
batch value:  76
from  76000: to: 76999
batch value:  77
from  77000: to: 77999
batch value:  78
from  78000: to: 78999
batch value:  79
from  79000: to: 79999
batch value:  80
from  80000: to: 80999
batch value:  81
from  81000: to: 81999
batch value:  82
from  82000: to: 82999
batch value:  83
from  83000: to: 83999
batch value:  84
from  84000: to: 84999
batch value:  85
from  85000: to: 85999
batch value:  86
from  86000: to: 86999
batch value:  87
from  87000: to: 87999
batch value:  88
from  88000: to: 88999
batch value:  89
from  89000: to: 89999
batch value:  90
from  90000: to: 90999
batch value:  91
from  91000: to: 91999
batch value:  92
from  92000: to: 92999
batch value:  93
from  93000: to: 93999
batch value:  94
from  94000: to: 94999
batch value:  95
from  95000: to: 95999
batch value:  96
from  96000: to: 96999
batch value:  97
from  97000: to: 97999
batch value:  98
from  98000: to: 98999
batch value:  99
from  99000: to: 99999
batch value:  100
from  100000: to: 100999
batch value:  101
from  101000: to: 101999
batch value:  102
from  102000: to: 102999
batch value:  103
from  103000: to: 103999
batch value:  104
from  104000: to: 104999
batch value:  105
from  105000: to: 105999
batch value:  106
from  106000: to: 106999
batch value:  107
from  107000: to: 107999
batch value:  108
from  108000: to: 108999
batch value:  109
from  109000: to: 109999
batch value:  110
from  110000: to: 110999
batch value:  111
from  111000: to: 111999
batch value:  112
from  112000: to: 112999
batch value:  113
from  113000: to: 113999
batch value:  114
from  114000: to: 114999
batch value:  115
from  115000: to: 115999
batch value:  116
from  116000: to: 116999
batch value:  117
from  117000: to: 117999
batch value:  118
from  118000: to: 118999
batch value:  119
from  119000: to: 119999
batch value:  120
from  120000: to: 120999
batch value:  121
from  121000: to: 121999
batch value:  122
from  122000: to: 122999
batch value:  123
from  123000: to: 123999
batch value:  124
from  124000: to: 124999
batch value:  125
from  125000: to: 125999
batch value:  126
from  126000: to: 126999
batch value:  127
from  127000: to: 127999
batch value:  128
from  128000: to: 128999
batch value:  129
from  129000: to: 129999
batch value:  130
from  130000: to: 130999
batch value:  131
from  131000: to: 131999
batch value:  132
from  132000: to: 132999
batch value:  133
from  133000: to: 133999
batch value:  134
from  134000: to: 134999
batch value:  135
from  135000: to: 135999
batch value:  136
from  136000: to: 136999
batch value:  137
from  137000: to: 137999
batch value:  138
from  138000: to: 138999
batch value:  139
from  139000: to: 139999
batch value:  140
from  140000: to: 140999
batch value:  141
from  141000: to: 141999
batch value:  142
from  142000: to: 142999
batch value:  143
from  143000: to: 143999
batch value:  144
from  144000: to: 144999
batch value:  145
from  145000: to: 145999
batch value:  146
from  146000: to: 146999
batch value:  147
from  147000: to: 147999
batch value:  148
from  148000: to: 148999
batch value:  149
from  149000: to: 149999
batch value:  150
from  150000: to: 150999
batch value:  151
from  151000: to: 151999
batch value:  152
from  152000: to: 152999
batch value:  153
from  153000: to: 153999
batch value:  154
from  154000: to: 154999
batch value:  155
from  155000: to: 155999
batch value:  156
from  156000: to: 156999
batch value:  157
from  157000: to: 157999
batch value:  158
from  158000: to: 158999
batch value:  159
from  159000: to: 159999
batch value:  160
from  160000: to: 160999
batch value:  161
from  161000: to: 161999
batch value:  162
from  162000: to: 162999
batch value:  163
from  163000: to: 163999
batch value:  164
from  164000: to: 164999
batch value:  165
from  165000: to: 165999
batch value:  166
from  166000: to: 166999
batch value:  167
from  167000: to: 167999
batch value:  168
from  168000: to: 168999
batch value:  169
from  169000: to: 169999
batch value:  170
from  170000: to: 170999
batch value:  171
from  171000: to: 171999
batch value:  172
from  172000: to: 172999
batch value:  173
from  173000: to: 173999
batch value:  174
from  174000: to: 174999
batch value:  175
from  175000: to: 175999
batch value:  176
from  176000: to: 176999
batch value:  177
from  177000: to: 177999
batch value:  178
from  178000: to: 178999
batch value:  179
from  179000: to: 179999
batch value:  180
from  180000: to: 180999
batch value:  181
from  181000: to: 181999
batch value:  182
from  182000: to: 182999
batch value:  183
from  183000: to: 183999
batch value:  184
from  184000: to: 184999
batch value:  185
from  185000: to: 185999
batch value:  186
from  186000: to: 186999
batch value:  187
from  187000: to: 187999
batch value:  188
from  188000: to: 188999
batch value:  189
from  189000: to: 189999
batch value:  190
from  190000: to: 190999
batch value:  191
from  191000: to: 191999
batch value:  192
from  192000: to: 192999
batch value:  193
from  193000: to: 193999
batch value:  194
from  194000: to: 194999
batch value:  195
from  195000: to: 195999
batch value:  196
from  196000: to: 196999
batch value:  197
from  197000: to: 197999
batch value:  198
from  198000: to: 198999
batch value:  199
from  199000: to: 199999
batch value:  200
from  200000: to: 200999
batch value:  201
from  201000: to: 201999
batch value:  202
from  202000: to: 202999
batch value:  203
from  203000: to: 203999
batch value:  204
from  204000: to: 204999
batch value:  205
from  205000: to: 205999
batch value:  206
from  206000: to: 206999
batch value:  207
from  207000: to: 207999
batch value:  208
from  208000: to: 208999
batch value:  209
from  209000: to: 209999
batch value:  210
from  210000: to: 210999
batch value:  211
from  211000: to: 211999
batch value:  212
from  212000: to: 212999
batch value:  213
from  213000: to: 213999
batch value:  214
from  214000: to: 214999
batch value:  215
from  215000: to: 215999
batch value:  216
from  216000: to: 216999
batch value:  217
from  217000: to: 217999
batch value:  218
from  218000: to: 218999
batch value:  219
from  219000: to: 219999
batch value:  220
from  220000: to: 220999
batch value:  221
from  221000: to: 221999
batch value:  222
from  222000: to: 222999
batch value:  223
from  223000: to: 223999
batch value:  224
from  224000: to: 224999
batch value:  225
from  225000: to: 225999
batch value:  226
from  226000: to: 226999
batch value:  227
from  227000: to: 227999
batch value:  228
from  228000: to: 228999
batch value:  229
from  229000: to: 229999
batch value:  230
from  230000: to: 230999
batch value:  231
from  231000: to: 231999
batch value:  232
from  232000: to: 232999
batch value:  233
from  233000: to: 233999
batch value:  234
from  234000: to: 234999
batch value:  235
from  235000: to: 235999
batch value:  236
from  236000: to: 236999
batch value:  237
from  237000: to: 237999
batch value:  238
from  238000: to: 238999
batch value:  239
from  239000: to: 239999
batch value:  240
from  240000: to: 240999
batch value:  241
from  241000: to: 241999
batch value:  242
from  242000: to: 242999
batch value:  243
from  243000: to: 243999
batch value:  244
from  244000: to: 244999
batch value:  245
from  245000: to: 245999
batch value:  246
from  246000: to: 246999
batch value:  247
from  247000: to: 247999
batch value:  248
from  248000: to: 248999
batch value:  249
from  249000: to: 249999
batch value:  250
from  250000: to: 250999
batch value:  251
from  251000: to: 251999
batch value:  252
from  252000: to: 252999
batch value:  253
from  253000: to: 253999
batch value:  254
from  254000: to: 254999
batch value:  255
from  255000: to: 255999
batch value:  256
from  256000: to: 256999
batch value:  257
from  257000: to: 257999
batch value:  258
from  258000: to: 258999
batch value:  259
from  259000: to: 259999
batch value:  260
from  260000: to: 260999
batch value:  261
from  261000: to: 261999
batch value:  262
from  262000: to: 262999
batch value:  263
from  263000: to: 263999
batch value:  264
from  264000: to: 264999
batch value:  265
from  265000: to: 265999
batch value:  266
from  266000: to: 266999
batch value:  267
from  267000: to: 267999
batch value:  268
from  268000: to: 268999
batch value:  269
from  269000: to: 269999
batch value:  270
from  270000: to: 270999
batch value:  271
from  271000: to: 271999
batch value:  272
from  272000: to: 272999
batch value:  273
from  273000: to: 273999
batch value:  274
from  274000: to: 274999
batch value:  275
from  275000: to: 275999
batch value:  276
from  276000: to: 276999
batch value:  277
from  277000: to: 277999
batch value:  278
from  278000: to: 278999
batch value:  279
from  279000: to: 279999
batch value:  280
from  280000: to: 280999
batch value:  281
from  281000: to: 281999
batch value:  282
from  282000: to: 282999
batch value:  283
from  283000: to: 283999
batch value:  284
from  284000: to: 284999
batch value:  285
from  285000: to: 285999
batch value:  286
from  286000: to: 286999
batch value:  287
from  287000: to: 287999
batch value:  288
from  288000: to: 288999
batch value:  289
from  289000: to: 289999
batch value:  290
from  290000: to: 290999
batch value:  291
from  291000: to: 291999
batch value:  292
from  292000: to: 292999
batch value:  293
from  293000: to: 293999
batch value:  294
from  294000: to: 294999
batch value:  295
from  295000: to: 295999
batch value:  296
from  296000: to: 296999
batch value:  297
from  297000: to: 297999
batch value:  298
from  298000: to: 298999
batch value:  299
from  299000: to: 299999
batch value:  300
from  300000: to: 300999
batch value:  301
from  301000: to: 301999
batch value:  302
from  302000: to: 302999
batch value:  303
from  303000: to: 303999
batch value:  304
from  304000: to: 304999
batch value:  305
from  305000: to: 305999
batch value:  306
from  306000: to: 306999
batch value:  307
from  307000: to: 307999
batch value:  308
from  308000: to: 308999
batch value:  309
from  309000: to: 309999
batch value:  310
from  310000: to: 310999
batch value:  311
from  311000: to: 311999
batch value:  312
from  312000: to: 312999
batch value:  313
from  313000: to: 313999
batch value:  314
from  314000: to: 314999
batch value:  315
from  315000: to: 315999
batch value:  316
from  316000: to: 316999
batch value:  317
from  317000: to: 317999
batch value:  318
from  318000: to: 318999
batch value:  319
from  319000: to: 319999
batch value:  320
from  320000: to: 320999
batch value:  321
from  321000: to: 321999
batch value:  322
from  322000: to: 322999
batch value:  323
from  323000: to: 323999
batch value:  324
from  324000: to: 324999
batch value:  325
from  325000: to: 325999
batch value:  326
from  326000: to: 326999
batch value:  327
from  327000: to: 327999
batch value:  328
from  328000: to: 328999
batch value:  329
from  329000: to: 329999
batch value:  330
from  330000: to: 330999
batch value:  331
from  331000: to: 331999
batch value:  332
from  332000: to: 332999
batch value:  333
from  333000: to: 333999
batch value:  334
from  334000: to: 334999
batch value:  335
from  335000: to: 335999
batch value:  336
from  336000: to: 336999
batch value:  337
from  337000: to: 337999
batch value:  338
from  338000: to: 338999
batch value:  339
from  339000: to: 339999
batch value:  340
from  340000: to: 340999
batch value:  341
from  341000: to: 341999
batch value:  342
from  342000: to: 342999
batch value:  343
from  343000: to: 343999
batch value:  344
from  344000: to: 344999
batch value:  345
from  345000: to: 345999
batch value:  346
from  346000: to: 346999
batch value:  347
from  347000: to: 347999
batch value:  348
from  348000: to: 348999
batch value:  349
from  349000: to: 349999
batch value:  350
from  350000: to: 350999
batch value:  351
from  351000: to: 351999
batch value:  352
from  352000: to: 352999
batch value:  353
from  353000: to: 353999
batch value:  354
from  354000: to: 354999
batch value:  355
from  355000: to: 355999
batch value:  356
from  356000: to: 356999
batch value:  357
from  357000: to: 357999
batch value:  358
from  358000: to: 358999
batch value:  359
from  359000: to: 359999
batch value:  360
from  360000: to: 360999
batch value:  361
from  361000: to: 361999
batch value:  362
from  362000: to: 362999
batch value:  363
from  363000: to: 363999
batch value:  364
from  364000: to: 364999
batch value:  365
from  365000: to: 365999
batch value:  366
from  366000: to: 366999
batch value:  367
from  367000: to: 367999
batch value:  368
from  368000: to: 368999
batch value:  369
from  369000: to: 369999
batch value:  370
from  370000: to: 370999
batch value:  371
from  371000: to: 371999
batch value:  372
from  372000: to: 372999
batch value:  373
from  373000: to: 373999
batch value:  374
from  374000: to: 374999
batch value:  375
from  375000: to: 375999
batch value:  376
from  376000: to: 376999
batch value:  377
from  377000: to: 377999
batch value:  378
from  378000: to: 378999
batch value:  379
from  379000: to: 379999
batch value:  380
from  380000: to: 380999
batch value:  381
from  381000: to: 381999
batch value:  382
from  382000: to: 382999
batch value:  383
from  383000: to: 383999
batch value:  384
from  384000: to: 384999
batch value:  385
from  385000: to: 385999
batch value:  386
from  386000: to: 386999
batch value:  387
from  387000: to: 387999
batch value:  388
from  388000: to: 388999
batch value:  389
from  389000: to: 389999
batch value:  390
from  390000: to: 390999
batch value:  391
from  391000: to: 391999
batch value:  392
from  392000: to: 392999
batch value:  393
from  393000: to: 393999
batch value:  394
from  394000: to: 394999
batch value:  395
from  395000: to: 395999
batch value:  396
from  396000: to: 396999
batch value:  397
from  397000: to: 397999
batch value:  398
from  398000: to: 398999
batch value:  399
from  399000: to: 399999
batch value:  400
from  400000: to: 400999
batch value:  401
from  401000: to: 401999
batch value:  402
from  402000: to: 402999
batch value:  403
from  403000: to: 403999
batch value:  404
from  404000: to: 404999
batch value:  405
from  405000: to: 405999
batch value:  406
from  406000: to: 406999
batch value:  407
from  407000: to: 407999
batch value:  408
from  408000: to: 408999
batch value:  409
from  409000: to: 409999
batch value:  410
from  410000: to: 410999
batch value:  411
from  411000: to: 411999
batch value:  412
from  412000: to: 412999
batch value:  413
from  413000: to: 413999
batch value:  414
from  414000: to: 414999
batch value:  415
from  415000: to: 415999
batch value:  416
from  416000: to: 416999
batch value:  417
from  417000: to: 417999
batch value:  418
from  418000: to: 418999
batch value:  419
from  419000: to: 419999
batch value:  420
from  420000: to: 420999
batch value:  421
from  421000: to: 421999
batch value:  422
from  422000: to: 422999
batch value:  423
from  423000: to: 423999
batch value:  424
from  424000: to: 424999
batch value:  425
from  425000: to: 425999
batch value:  426
from  426000: to: 426999
batch value:  427
from  427000: to: 427999
batch value:  428
from  428000: to: 428999
batch value:  429
from  429000: to: 429999
batch value:  430
from  430000: to: 430999
batch value:  431
from  431000: to: 431999
batch value:  432
from  432000: to: 432999
batch value:  433
from  433000: to: 433999
batch value:  434
from  434000: to: 434999
batch value:  435
from  435000: to: 435999
batch value:  436
from  436000: to: 436999
batch value:  437
from  437000: to: 437999
batch value:  438
from  438000: to: 438999
batch value:  439
from  439000: to: 439999
batch value:  440
from  440000: to: 440999
batch value:  441
from  441000: to: 441999
batch value:  442
from  442000: to: 442999
batch value:  443
from  443000: to: 443999
batch value:  444
from  444000: to: 444999
batch value:  445
from  445000: to: 445999
batch value:  446
from  446000: to: 446999
batch value:  447
from  447000: to: 447999
batch value:  448
from  448000: to: 448999
batch value:  449
from  449000: to: 449999
batch value:  450
from  450000: to: 450999
batch value:  451
from  451000: to: 451999
batch value:  452
from  452000: to: 452999
batch value:  453
from  453000: to: 453999
batch value:  454
from  454000: to: 454999
batch value:  455
from  455000: to: 455999
batch value:  456
from  456000: to: 456999
batch value:  457
from  457000: to: 457999
batch value:  458
from  458000: to: 458999
batch value:  459
from  459000: to: 459999
batch value:  460
from  460000: to: 460999
batch value:  461
from  461000: to: 461999
batch value:  462
from  462000: to: 462999
batch value:  463
from  463000: to: 463999
batch value:  464
from  464000: to: 464999
batch value:  465
from  465000: to: 465999
batch value:  466
from  466000: to: 466999
batch value:  467
from  467000: to: 467999
batch value:  468
from  468000: to: 468999
batch value:  469
from  469000: to: 469999
batch value:  470
from  470000: to: 470999
batch value:  471
from  471000: to: 471999
batch value:  472
from  472000: to: 472999
batch value:  473
from  473000: to: 473999
batch value:  474
from  474000: to: 474999
batch value:  475
from  475000: to: 475999
batch value:  476
from  476000: to: 476999
batch value:  477
from  477000: to: 477999
batch value:  478
from  478000: to: 478999
batch value:  479
from  479000: to: 479999
batch value:  480
from  480000: to: 480999
batch value:  481
from  481000: to: 481999
batch value:  482
from  482000: to: 482999
batch value:  483
from  483000: to: 483999
batch value:  484
from  484000: to: 484999
batch value:  485
from  485000: to: 485999
batch value:  486
from  486000: to: 486999
batch value:  487
from  487000: to: 487999
batch value:  488
from  488000: to: 488999
batch value:  489
from  489000: to: 489999
batch value:  490
from  490000: to: 490999
batch value:  491
from  491000: to: 491999
batch value:  492
from  492000: to: 492999
batch value:  493
from  493000: to: 493999
batch value:  494
from  494000: to: 494999
batch value:  495
from  495000: to: 495999
batch value:  496
from  496000: to: 496999
batch value:  497
from  497000: to: 497999
batch value:  498
from  498000: to: 498999
batch value:  499
from  499000: to: 499999
batch value:  500
from  500000: to: 500999
batch value:  501
from  501000: to: 501999
batch value:  502
from  502000: to: 502999
batch value:  503
from  503000: to: 503999
batch value:  504
from  504000: to: 504999
batch value:  505
from  505000: to: 505999
batch value:  506
from  506000: to: 506999
batch value:  507
from  507000: to: 507999
batch value:  508
from  508000: to: 508999
batch value:  509
from  509000: to: 509999
batch value:  510
from  510000: to: 510999
batch value:  511
from  511000: to: 511999
batch value:  512
from  512000: to: 512999
batch value:  513
from  513000: to: 513999
batch value:  514
from  514000: to: 514999
batch value:  515
from  515000: to: 515999
batch value:  516
from  516000: to: 516999
batch value:  517
from  517000: to: 517999
batch value:  518
from  518000: to: 518999
batch value:  519
from  519000: to: 519999
batch value:  520
from  520000: to: 520999
batch value:  521
from  521000: to: 521999
batch value:  522
from  522000: to: 522999
batch value:  523
from  523000: to: 523999
batch value:  524
from  524000: to: 524999
batch value:  525
from  525000: to: 525999
batch value:  526
from  526000: to: 526999
batch value:  527
from  527000: to: 527999
batch value:  528
from  528000: to: 528999
batch value:  529
from  529000: to: 529999
batch value:  530
from  530000: to: 530999
batch value:  531
from  531000: to: 531999
batch value:  532
from  532000: to: 532999
batch value:  533
from  533000: to: 533999
batch value:  534
from  534000: to: 534999
batch value:  535
from  535000: to: 535999
batch value:  536
from  536000: to: 536999
batch value:  537
from  537000: to: 537999
batch value:  538
from  538000: to: 538999
batch value:  539
from  539000: to: 539999
batch value:  540
from  540000: to: 540999
batch value:  541
from  541000: to: 541999
batch value:  542
from  542000: to: 542999
batch value:  543
from  543000: to: 543999
batch value:  544
from  544000: to: 544999
batch value:  545
from  545000: to: 545999
batch value:  546
from  546000: to: 546999
batch value:  547
from  547000: to: 547999
batch value:  548
from  548000: to: 548999
batch value:  549
from  549000: to: 549999
batch value:  550
from  550000: to: 550999
batch value:  551
from  551000: to: 551999
batch value:  552
from  552000: to: 552999
batch value:  553
from  553000: to: 553999
batch value:  554
from  554000: to: 554999
batch value:  555
from  555000: to: 555999
batch value:  556
from  556000: to: 556999
batch value:  557
from  557000: to: 557999
batch value:  558
from  558000: to: 558999
batch value:  559
from  559000: to: 559999
batch value:  560
from  560000: to: 560999
batch value:  561
from  561000: to: 561999
batch value:  562
from  562000: to: 562999
batch value:  563
from  563000: to: 563999
batch value:  564
from  564000: to: 564999
batch value:  565
from  565000: to: 565999
batch value:  566
from  566000: to: 566999
batch value:  567
from  567000: to: 567999
batch value:  568
from  568000: to: 568999
batch value:  569
from  569000: to: 569999
batch value:  570
from  570000: to: 570999
batch value:  571
from  571000: to: 571999
batch value:  572
from  572000: to: 572999
batch value:  573
from  573000: to: 573999
batch value:  574
from  574000: to: 574999
batch value:  575
from  575000: to: 575999
batch value:  576
from  576000: to: 576999
batch value:  577
from  577000: to: 577999
batch value:  578
from  578000: to: 578999
batch value:  579
from  579000: to: 579999
batch value:  580
from  580000: to: 580999
batch value:  581
from  581000: to: 581999
batch value:  582
from  582000: to: 582999
batch value:  583
from  583000: to: 583999
batch value:  584
from  584000: to: 584999
batch value:  585
from  585000: to: 585999
batch value:  586
from  586000: to: 586999
batch value:  587
from  587000: to: 587999
batch value:  588
from  588000: to: 588999
batch value:  589
from  589000: to: 589999
batch value:  590
from  590000: to: 590999
batch value:  591
from  591000: to: 591999
batch value:  592
from  592000: to: 592999
batch value:  593
from  593000: to: 593999
batch value:  594
from  594000: to: 594999
batch value:  595
from  595000: to: 595999
batch value:  596
from  596000: to: 596999
batch value:  597
from  597000: to: 597999
batch value:  598
from  598000: to: 598999
batch value:  599
from  599000: to: 599999
batch value:  600
from  600000: to: 600999
batch value:  601
from  601000: to: 601999
batch value:  602
from  602000: to: 602999
batch value:  603
from  603000: to: 603999
batch value:  604
from  604000: to: 604999
batch value:  605
from  605000: to: 605999
batch value:  606
from  606000: to: 606999
batch value:  607
from  607000: to: 607999
batch value:  608
from  608000: to: 608999
batch value:  609
from  609000: to: 609999
batch value:  610
from  610000: to: 610999
batch value:  611
from  611000: to: 611999
batch value:  612
from  612000: to: 612999
batch value:  613
from  613000: to: 613999
batch value:  614
from  614000: to: 614999
batch value:  615
from  615000: to: 615999
batch value:  616
from  616000: to: 616999
batch value:  617
from  617000: to: 617999
batch value:  618
from  618000: to: 618999
batch value:  619
from  619000: to: 619999
batch value:  620
from  620000: to: 620999
batch value:  621
from  621000: to: 621999
batch value:  622
from  622000: to: 622999
batch value:  623
from  623000: to: 623999
batch value:  624
from  624000: to: 624999
batch value:  625
from  625000: to: 625999
batch value:  626
from  626000: to: 626999
batch value:  627
from  627000: to: 627999
batch value:  628
from  628000: to: 628999
batch value:  629
from  629000: to: 629999
batch value:  630
from  630000: to: 630999
batch value:  631
from  631000: to: 631999
batch value:  632
from  632000: to: 632999
batch value:  633
from  633000: to: 633999
batch value:  634
from  634000: to: 634999
batch value:  635
from  635000: to: 635999
batch value:  636
from  636000: to: 636999
batch value:  637
from  637000: to: 637999
batch value:  638
from  638000: to: 638999
batch value:  639
from  639000: to: 639999
batch value:  640
from  640000: to: 640999
batch value:  641
from  641000: to: 641999
batch value:  642
from  642000: to: 642999
batch value:  643
from  643000: to: 643999
batch value:  644
from  644000: to: 644999
batch value:  645
from  645000: to: 645999
batch value:  646
from  646000: to: 646999
batch value:  647
from  647000: to: 647999
batch value:  648
from  648000: to: 648999
batch value:  649
from  649000: to: 649999
batch value:  650
from  650000: to: 650999
batch value:  651
from  651000: to: 651999
batch value:  652
from  652000: to: 652999
batch value:  653
from  653000: to: 653999
batch value:  654
from  654000: to: 654999
batch value:  655
from  655000: to: 655999
batch value:  656
from  656000: to: 656999
batch value:  657
from  657000: to: 657999
batch value:  658
from  658000: to: 658999
batch value:  659
from  659000: to: 659999
batch value:  660
from  660000: to: 660999
batch value:  661
from  661000: to: 661999
batch value:  662
from  662000: to: 662999
batch value:  663
from  663000: to: 663999
batch value:  664
from  664000: to: 664999
batch value:  665
from  665000: to: 665999
batch value:  666
from  666000: to: 666999
batch value:  667
from  667000: to: 667999
batch value:  668
from  668000: to: 668999
batch value:  669
from  669000: to: 669999
batch value:  670
from  670000: to: 670999
batch value:  671
from  671000: to: 671999
batch value:  672
from  672000: to: 672999
batch value:  673
from  673000: to: 673999
batch value:  674
from  674000: to: 674999
batch value:  675
from  675000: to: 675999
batch value:  676
from  676000: to: 676999
batch value:  677
from  677000: to: 677999
batch value:  678
from  678000: to: 678999
batch value:  679
from  679000: to: 679999
batch value:  680
from  680000: to: 680999
batch value:  681
from  681000: to: 681999
batch value:  682
from  682000: to: 682999
batch value:  683
from  683000: to: 683999
batch value:  684
from  684000: to: 684999
batch value:  685
from  685000: to: 685999
batch value:  686
from  686000: to: 686999
batch value:  687
from  687000: to: 687999
batch value:  688
from  688000: to: 688999
batch value:  689
from  689000: to: 689999
batch value:  690
from  690000: to: 690999
batch value:  691
from  691000: to: 691999
batch value:  692
from  692000: to: 692999
batch value:  693
from  693000: to: 693999
batch value:  694
from  694000: to: 694999
batch value:  695
from  695000: to: 695999
batch value:  696
from  696000: to: 696999
batch value:  697
from  697000: to: 697999
batch value:  698
from  698000: to: 698999
batch value:  699
from  699000: to: 699999
batch value:  700
from  700000: to: 700999
batch value:  701
from  701000: to: 701999
batch value:  702
from  702000: to: 702999
batch value:  703
from  703000: to: 703999
batch value:  704
from  704000: to: 704999
batch value:  705
from  705000: to: 705999
batch value:  706
from  706000: to: 706999
batch value:  707
from  707000: to: 707999
batch value:  708
from  708000: to: 708999
batch value:  709
from  709000: to: 709999
batch value:  710
from  710000: to: 710999
batch value:  711
from  711000: to: 711999
batch value:  712
from  712000: to: 712999
batch value:  713
from  713000: to: 713999
batch value:  714
from  714000: to: 714999
batch value:  715
from  715000: to: 715999
batch value:  716
from  716000: to: 716999
batch value:  717
from  717000: to: 717999
batch value:  718
from  718000: to: 718999
batch value:  719
from  719000: to: 719999
batch value:  720
from  720000: to: 720999
batch value:  721
from  721000: to: 721999
batch value:  722
from  722000: to: 722999
batch value:  723
from  723000: to: 723999
batch value:  724
from  724000: to: 724999
batch value:  725
from  725000: to: 725999
batch value:  726
from  726000: to: 726999
batch value:  727
from  727000: to: 727999
batch value:  728
from  728000: to: 728999
batch value:  729
from  729000: to: 729999
batch value:  730
from  730000: to: 730999
batch value:  731
from  731000: to: 731999
batch value:  732
from  732000: to: 732999
batch value:  733
from  733000: to: 733999
batch value:  734
from  734000: to: 734999
batch value:  735
from  735000: to: 735999
batch value:  736
from  736000: to: 736999
batch value:  737
from  737000: to: 737999
batch value:  738
from  738000: to: 738999
batch value:  739
from  739000: to: 739999
batch value:  740
from  740000: to: 740999
batch value:  741
from  741000: to: 741999
batch value:  742
